<?xml version="1.0" encoding="UTF-8"?>
<!-- Generated by org.testng.reporters.JUnitReportReporter -->
<testsuite hostname="DESKTOP-NGUTF1V" failures="0" tests="1" name="tests.AboutFirstFourFields" time="74.127" errors="0" timestamp="08 Jun 2021 11:29:52 GMT" skipped="0">
  <testcase classname="tests.AboutFirstFourFields" name="valid_About_Description" time="74.127"/>
</testsuite> <!-- tests.AboutFirstFourFields -->
