<?xml version="1.0" encoding="UTF-8"?>
<!-- Generated by org.testng.reporters.JUnitReportReporter -->
<testsuite hostname="DESKTOP-NGUTF1V" failures="0" tests="1" name="tests.LogOut" time="45.173" errors="0" timestamp="07 Jun 2021 23:11:44 GMT" skipped="0">
  <testcase classname="tests.LogOut" name="LogOut" time="45.173"/>
</testsuite> <!-- tests.LogOut -->
