<?xml version="1.0" encoding="UTF-8"?>
<!-- Generated by org.testng.reporters.JUnitReportReporter -->
<testsuite hostname="DESKTOP-NGUTF1V" failures="0" tests="5" name="tests.SignUp" time="112.809" errors="0" timestamp="07 Jun 2021 22:16:48 GMT" skipped="0">
  <testcase classname="tests.SignUp" name="AgeInvalidInputSignUp" time="22.584"/>
  <testcase classname="tests.SignUp" name="AgeLessThan13SignUp" time="11.217"/>
  <testcase classname="tests.SignUp" name="SignUpEmail" time="35.683"/>
  <testcase classname="tests.SignUp" name="SignUpPassword" time="32.922"/>
  <testcase classname="tests.SignUp" name="SignUpEmptyFields" time="10.403"/>
</testsuite> <!-- tests.SignUp -->
