<?xml version="1.0" encoding="UTF-8"?>
<!-- Generated by org.testng.reporters.JUnitReportReporter -->
<testsuite hostname="DESKTOP-NGUTF1V" failures="0" tests="1" name="tests.SignUpValid" time="24.558" errors="0" timestamp="07 Jun 2021 22:10:11 GMT" skipped="0">
  <testcase classname="tests.SignUpValid" name="SignUpValid" time="24.558"/>
</testsuite> <!-- tests.SignUpValid -->
